<?xml version="1.0" encoding="UTF-8"?>
<testng-results skipped="0" failed="0" ignored="0" total="1" passed="1">
  <reporter-output>
  </reporter-output>
  <suite name="Default suite" duration-ms="15569" started-at="2018-07-17T09:40:57Z" finished-at="2018-07-17T09:41:13Z">
    <groups>
    </groups>
    <test name="Default test" duration-ms="15569" started-at="2018-07-17T09:40:57Z" finished-at="2018-07-17T09:41:13Z">
      <class name="Test1">
        <test-method status="PASS" signature="test()[pri:0, instance:Test1@46d56d67]" name="test" duration-ms="15509" started-at="2018-07-17T09:40:57Z" finished-at="2018-07-17T09:41:13Z">
          <reporter-output>
          </reporter-output>
        </test-method> <!-- test -->
      </class> <!-- Test1 -->
    </test> <!-- Default test -->
  </suite> <!-- Default suite -->
</testng-results>
